[04:00:27] [modloading-worker-0/INFO] ========================================
[04:00:27] [modloading-worker-0/INFO] Minecraft: 1.20.1
[04:00:27] [modloading-worker-0/INFO] Side: server
[04:00:27] [modloading-worker-0/INFO] Development: false
[04:00:27] [modloading-worker-0/INFO] Version: 12.1.785
[04:00:27] [modloading-worker-0/INFO] Loader:
[04:00:27] [modloading-worker-0/INFO] - Forge: 47.3.7
[04:00:27] [modloading-worker-0/INFO] Dependencies:
[04:00:27] [modloading-worker-0/INFO] - Cloth Config: 11.1.136
[04:00:27] [modloading-worker-0/INFO] - Architectury: 9.2.14
[04:00:27] [modloading-worker-0/INFO] Mixin: 0.8.5
[04:00:27] [modloading-worker-0/INFO] OS: Linux 6.5.0-1025-azure (amd64)
[04:00:27] [modloading-worker-0/INFO] Java: 17.0.14 (Ubuntu)
[04:00:27] [modloading-worker-0/INFO] ========================================
[04:00:27] [modloading-worker-0/INFO] Mods:
[04:00:27] [modloading-worker-0/INFO] - aquamirae: 6.API15
[04:00:27] [modloading-worker-0/INFO] - architectury: 9.2.14
[04:00:27] [modloading-worker-0/INFO] - athena: 3.1.1
[04:00:27] [modloading-worker-0/INFO] - ati_structuresv: 1.0.0
[04:00:27] [modloading-worker-0/INFO] - balm: 7.3.13
[04:00:27] [modloading-worker-0/INFO] - caneswonderfulspidersoverhaul: 1.0.0
[04:00:27] [modloading-worker-0/INFO] - choups_drakvyrn_mod: 2.5.0
[04:00:27] [modloading-worker-0/INFO] - cloth_config: 11.1.136
[04:00:27] [modloading-worker-0/INFO] - continents: 1.1.5
[04:00:27] [modloading-worker-0/INFO] - coroutil: 1.20.1-1.3.7
[04:00:27] [modloading-worker-0/INFO] - crittersandcompanions: 2.2.2
[04:00:27] [modloading-worker-0/INFO] - curios: 5.11.1+1.20.1
[04:00:27] [modloading-worker-0/INFO] - darkestsouls: 1.2.2.5
[04:00:27] [modloading-worker-0/INFO] - endermanoverhaul: 1.0.4
[04:00:27] [modloading-worker-0/INFO] - explorify: 1.6.2
[04:00:27] [modloading-worker-0/INFO] - forge: 47.3.7
[04:00:27] [modloading-worker-0/INFO] - geckolib: 4.7
[04:00:27] [modloading-worker-0/INFO] - hexerei: 1.20.1-0.4.2.2
[04:00:27] [modloading-worker-0/INFO] - hopour: 1.1.4
[04:00:27] [modloading-worker-0/INFO] - ilikewood: 1.20.1-11.0.2.0
[04:00:27] [modloading-worker-0/INFO] - ilikewoodximmersiveengineering: 1.20.1-11.0.0
[04:00:27] [modloading-worker-0/INFO] - immersiveengineering: 1.20.1-10.1.0-171
[04:00:27] [modloading-worker-0/INFO] - jade: 11.12.3+forge
[04:00:27] [modloading-worker-0/INFO] - kuma_api: 20.1.9-SNAPSHOT
[04:00:27] [modloading-worker-0/INFO] - lithostitched: 1.4
[04:00:27] [modloading-worker-0/INFO] - locks: 1.20.1-1.2.4
[04:00:27] [modloading-worker-0/INFO] - luckys_armory: 0.4.0.1
[04:00:27] [modloading-worker-0/INFO] - minecraft: 1.20.1
[04:00:27] [modloading-worker-0/INFO] - mixinextras: 0.4.1
[04:00:27] [modloading-worker-0/INFO] - modonomicon: 1.77.5
[04:00:27] [modloading-worker-0/INFO] - mutantsbuff: 1.0.0
[04:00:27] [modloading-worker-0/INFO] - obscure_api: 15
[04:00:27] [modloading-worker-0/INFO] - occultism: 1.141.2
[04:00:27] [modloading-worker-0/INFO] - resourcefulconfig: 2.1.2
[04:00:27] [modloading-worker-0/INFO] - resourcefullib: 2.1.29
[04:00:27] [modloading-worker-0/INFO] - roughlyenoughitems: 12.1.785
[04:00:27] [modloading-worker-0/INFO] - smartbrainlib: 1.15
[04:00:27] [modloading-worker-0/INFO] - sound_physics_remastered: 1.20.1-1.4.8
[04:00:27] [modloading-worker-0/INFO] - taxov: 3.1.3
[04:00:27] [modloading-worker-0/INFO] - the_bumblezone: 7.5.13+1.20.1-forge
[04:00:27] [modloading-worker-0/INFO] - theurgy: 1.23.4
[04:00:27] [modloading-worker-0/INFO] - tombstone: 8.9.0
[04:00:27] [modloading-worker-0/INFO] - unusualend: 2.2.3
[04:00:27] [modloading-worker-0/INFO] - w2w2: 1.0
[04:00:27] [modloading-worker-0/INFO] - waystones: 14.1.9
[04:00:27] [modloading-worker-0/INFO] - xaerominimap: 25.0.0
[04:00:27] [modloading-worker-0/INFO] - xaeroworldmap: 1.39.2
[04:00:27] [modloading-worker-0/INFO] - yes_steve_model: 2.3.2
[04:00:27] [modloading-worker-0/INFO] - zombieawareness: 1.20.1-1.13.1
[04:00:27] [modloading-worker-0/INFO] ========================================
[04:00:27] [modloading-worker-0/INFO] [REI] Registered plugin provider DefaultPluginImpl [roughlyenoughitems] for REIServerPlugin
[04:00:27] [modloading-worker-0/INFO] [REI] Registered plugin provider DefaultPluginImpl [roughlyenoughitems] for REIPlugin
[04:00:27] [modloading-worker-0/INFO] [REI] Registered plugin provider DefaultRuntimePlugin [roughlyenoughitems] for REIServerPlugin
[04:00:27] [modloading-worker-0/INFO] [REI] Registered plugin provider DefaultRuntimePlugin [roughlyenoughitems] for REIPlugin
[04:00:53] [Worker-Main-1/DEBUG] [REI] Processed 0 tags in 1.927 ms for minecraft:worldgen/placed_feature
[04:00:53] [Worker-Main-1/DEBUG] [REI] Processed 2 tags in 1.239 ms for minecraft:block_entity_type
[04:00:54] [Worker-Main-1/DEBUG] [REI] Processed 0 tags in 25.41 μs for minecraft:worldgen/world_preset
[04:00:54] [Worker-Main-1/DEBUG] [REI] Processed 495 tags in 6.806 ms for minecraft:block
[04:00:54] [Worker-Main-1/DEBUG] [REI] Processed 0 tags in 25.37 μs for minecraft:worldgen/flat_level_generator_preset
[04:00:54] [Worker-Main-1/DEBUG] [REI] Processed 779 tags in 3.648 ms for minecraft:item
[04:00:54] [Worker-Main-1/DEBUG] [REI] Processed 2 tags in 104.6 μs for minecraft:cat_variant
[04:00:54] [Worker-Main-1/DEBUG] [REI] Processed 23 tags in 92.54 μs for minecraft:banner_pattern
[04:00:54] [Worker-Main-1/DEBUG] [REI] Processed 0 tags in 9.568 μs for minecraft:damage_type
[04:00:54] [Worker-Main-1/DEBUG] [REI] Processed 0 tags in 13.52 μs for minecraft:worldgen/structure
[04:00:54] [Worker-Main-1/DEBUG] [REI] Processed 5 tags in 185.4 μs for minecraft:game_event
[04:00:54] [Worker-Main-1/DEBUG] [REI] Processed 0 tags in 4.388 μs for minecraft:worldgen/processor_list
[04:00:54] [Worker-Main-1/DEBUG] [REI] Processed 3 tags in 34.03 μs for minecraft:instrument
[04:00:54] [Worker-Main-1/DEBUG] [REI] Processed 8 tags in 42.15 μs for minecraft:mob_effect
[04:00:54] [Worker-Main-1/DEBUG] [REI] Processed 31 tags in 50.12 μs for minecraft:fluid
[04:00:54] [Worker-Main-1/DEBUG] [REI] Processed 1 tags in 40.85 μs for minecraft:painting_variant
[04:00:54] [Worker-Main-1/DEBUG] [REI] Processed 1 tags in 20.58 μs for minecraft:sound_event
[04:00:54] [Worker-Main-1/DEBUG] [REI] Processed 4 tags in 70.90 μs for minecraft:point_of_interest_type
[04:00:54] [Worker-Main-1/DEBUG] [REI] Processed 2 tags in 10.59 μs for minecraft:enchantment
[04:00:54] [Worker-Main-1/DEBUG] [REI] Processed 0 tags in 76.01 μs for minecraft:worldgen/biome
[04:00:54] [Worker-Main-1/DEBUG] [REI] Processed 153 tags in 374.9 μs for minecraft:entity_type
[04:00:59] [main/DEBUG] [REI] Starting Reload Plugins of stage null
java.lang.Throwable
	at TRANSFORMER/roughlyenoughitems@12.1.785/me.shedaniel.rei.impl.common.plugins.ReloadManagerImpl.reloadPlugins(ReloadManagerImpl.java:110)
	at TRANSFORMER/roughlyenoughitems@12.1.785/me.shedaniel.rei.RoughlyEnoughItemsCore.lambda$onInitialize$5(RoughlyEnoughItemsCore.java:163)
	at java.base/java.util.concurrent.CompletableFuture$UniRun.tryFire(CompletableFuture.java:787)
	at java.base/java.util.concurrent.CompletableFuture$Completion.run(CompletableFuture.java:482)
	at TRANSFORMER/minecraft@1.20.1/net.minecraft.server.packs.resources.SimpleReloadInstance.m_143940_(SimpleReloadInstance.java:69)
	at TRANSFORMER/minecraft@1.20.1/net.minecraft.Util.m_214652_(Util.java:783)
	at TRANSFORMER/minecraft@1.20.1/net.minecraft.Util.m_214679_(Util.java:772)
	at TRANSFORMER/minecraft@1.20.1/net.minecraft.server.Main.main(Main.java:166)
	at java.base/jdk.internal.reflect.NativeMethodAccessorImpl.invoke0(Native Method)
	at java.base/jdk.internal.reflect.NativeMethodAccessorImpl.invoke(NativeMethodAccessorImpl.java:77)
	at java.base/jdk.internal.reflect.DelegatingMethodAccessorImpl.invoke(DelegatingMethodAccessorImpl.java:43)
	at java.base/java.lang.reflect.Method.invoke(Method.java:569)
	at MC-BOOTSTRAP/fmlloader@1.20.1-47.3.7/net.minecraftforge.fml.loading.targets.CommonLaunchHandler.runTarget(CommonLaunchHandler.java:111)
	at MC-BOOTSTRAP/fmlloader@1.20.1-47.3.7/net.minecraftforge.fml.loading.targets.CommonLaunchHandler.serverService(CommonLaunchHandler.java:103)
	at MC-BOOTSTRAP/fmlloader@1.20.1-47.3.7/net.minecraftforge.fml.loading.targets.CommonServerLaunchHandler.lambda$makeService$0(CommonServerLaunchHandler.java:27)
	at MC-BOOTSTRAP/cpw.mods.modlauncher@10.0.9/cpw.mods.modlauncher.LaunchServiceHandlerDecorator.launch(LaunchServiceHandlerDecorator.java:30)
	at MC-BOOTSTRAP/cpw.mods.modlauncher@10.0.9/cpw.mods.modlauncher.LaunchServiceHandler.launch(LaunchServiceHandler.java:53)
	at MC-BOOTSTRAP/cpw.mods.modlauncher@10.0.9/cpw.mods.modlauncher.LaunchServiceHandler.launch(LaunchServiceHandler.java:71)
	at MC-BOOTSTRAP/cpw.mods.modlauncher@10.0.9/cpw.mods.modlauncher.Launcher.run(Launcher.java:108)
	at MC-BOOTSTRAP/cpw.mods.modlauncher@10.0.9/cpw.mods.modlauncher.Launcher.main(Launcher.java:78)
	at MC-BOOTSTRAP/cpw.mods.modlauncher@10.0.9/cpw.mods.modlauncher.BootstrapLaunchConsumer.accept(BootstrapLaunchConsumer.java:26)
	at MC-BOOTSTRAP/cpw.mods.modlauncher@10.0.9/cpw.mods.modlauncher.BootstrapLaunchConsumer.accept(BootstrapLaunchConsumer.java:23)
	at cpw.mods.bootstraplauncher@1.1.2/cpw.mods.bootstraplauncher.BootstrapLauncher.main(BootstrapLauncher.java:141)
[04:00:59] [main/DEBUG] [REI] ========================================
[04:00:59] [main/DEBUG] [REI] REIPlugin starting pre-reload for START.
[04:00:59] [main/DEBUG] [REI] Reloadables (7):
[04:00:59] [main/DEBUG] [REI]  - EntryTypeRegistryImpl
[04:00:59] [main/DEBUG] [REI]  - EntrySettingsAdapterRegistryImpl
[04:00:59] [main/DEBUG] [REI]  - RecipeManagerContextImpl
[04:00:59] [main/DEBUG] [REI]  - ItemComparatorRegistryImpl
[04:00:59] [main/DEBUG] [REI]  - FluidComparatorRegistryImpl
[04:00:59] [main/DEBUG] [REI]  - DisplaySerializerRegistryImpl
[04:00:59] [main/DEBUG] [REI]  - FluidSupportProviderImpl
[04:00:59] [main/DEBUG] [REI] Plugins (2):
[04:00:59] [main/DEBUG] [REI]  - (-100.00) DefaultPluginImpl of DefaultPluginImpl [roughlyenoughitems]
[04:00:59] [main/DEBUG] [REI]  - (0.00) DefaultRuntimePlugin of DefaultRuntimePlugin [roughlyenoughitems]
[04:00:59] [main/DEBUG] [REI] ========================================
[04:00:59] [main/TRACE] [REI] [REIPlugin START] Reloading Section: "pre-register/"
[04:00:59] [main/TRACE] [REI] [REIPlugin START] Reloading Section: "pre-register/DefaultPluginImpl of DefaultPluginImpl [roughlyenoughitems]/"
[04:00:59] [main/TRACE] [REI] [REIPlugin START] Reloading Section: "pre-register/DefaultPluginImpl of DefaultPluginImpl [roughlyenoughitems]/" done in 1.368 ms
[04:00:59] [main/TRACE] [REI] [REIPlugin START] Reloading Section: "pre-register/DefaultRuntimePlugin of DefaultRuntimePlugin [roughlyenoughitems]/"
[04:00:59] [main/TRACE] [REI] [REIPlugin START] Reloading Section: "pre-register/DefaultRuntimePlugin of DefaultRuntimePlugin [roughlyenoughitems]/" done in 168.0 μs
[04:00:59] [main/TRACE] [REI] [REIPlugin START] Reloading Section: "pre-register/" done in 19.59 ms
[04:00:59] [main/TRACE] [REI] [REIPlugin START] Reloading Section: "pre-stage/"
[04:00:59] [main/TRACE] [REI] [REIPlugin START] Reloading Section: "pre-stage/EntryTypeRegistryImpl/"
[04:00:59] [main/TRACE] [REI] [REIPlugin START] Reloading Section: "pre-stage/EntryTypeRegistryImpl/" done in 312.3 μs
[04:00:59] [main/TRACE] [REI] [REIPlugin START] Reloading Section: "pre-stage/EntrySettingsAdapterRegistryImpl/"
[04:00:59] [main/TRACE] [REI] [REIPlugin START] Reloading Section: "pre-stage/EntrySettingsAdapterRegistryImpl/" done in 71.91 μs
[04:00:59] [main/TRACE] [REI] [REIPlugin START] Reloading Section: "pre-stage/RecipeManagerContextImpl/"
[04:00:59] [main/TRACE] [REI] [REIPlugin START] Reloading Section: "pre-stage/RecipeManagerContextImpl/" done in 68.01 μs
[04:00:59] [main/TRACE] [REI] [REIPlugin START] Reloading Section: "pre-stage/ItemComparatorRegistryImpl/"
[04:00:59] [main/TRACE] [REI] [REIPlugin START] Reloading Section: "pre-stage/ItemComparatorRegistryImpl/" done in 68.25 μs
[04:00:59] [main/TRACE] [REI] [REIPlugin START] Reloading Section: "pre-stage/FluidComparatorRegistryImpl/"
[04:00:59] [main/TRACE] [REI] [REIPlugin START] Reloading Section: "pre-stage/FluidComparatorRegistryImpl/" done in 74.00 μs
[04:00:59] [main/TRACE] [REI] [REIPlugin START] Reloading Section: "pre-stage/DisplaySerializerRegistryImpl/"
[04:00:59] [main/TRACE] [REI] [REIPlugin START] Reloading Section: "pre-stage/DisplaySerializerRegistryImpl/" done in 79.93 μs
[04:00:59] [main/TRACE] [REI] [REIPlugin START] Reloading Section: "pre-stage/FluidSupportProviderImpl/"
[04:00:59] [main/TRACE] [REI] [REIPlugin START] Reloading Section: "pre-stage/FluidSupportProviderImpl/" done in 66.62 μs
[04:00:59] [main/TRACE] [REI] [REIPlugin START] Reloading Section: "pre-stage/" done in 6.786 ms
[04:00:59] [main/DEBUG] [REI] ========================================
[04:00:59] [main/DEBUG] [REI] REIPlugin finished pre-reload for START in 27.34 ms.
[04:00:59] [main/DEBUG] [REI] ========================================
[04:00:59] [main/DEBUG] [REI] ========================================
[04:00:59] [main/DEBUG] [REI] REIServerPlugin starting pre-reload for START.
[04:00:59] [main/DEBUG] [REI] Reloadables (2):
[04:00:59] [main/DEBUG] [REI]  - MenuInfoRegistryImpl
[04:00:59] [main/DEBUG] [REI]  - SlotAccessorRegistryImpl
[04:00:59] [main/DEBUG] [REI] Plugins (2):
[04:00:59] [main/DEBUG] [REI]  - (-100.00) DefaultPluginImpl of DefaultPluginImpl [roughlyenoughitems]
[04:00:59] [main/DEBUG] [REI]  - (0.00) DefaultRuntimePlugin of DefaultRuntimePlugin [roughlyenoughitems]
[04:00:59] [main/DEBUG] [REI] ========================================
[04:00:59] [main/TRACE] [REI] [REIServerPlugin START] Reloading Section: "pre-register/"
[04:00:59] [main/TRACE] [REI] [REIServerPlugin START] Reloading Section: "pre-register/DefaultPluginImpl of DefaultPluginImpl [roughlyenoughitems]/"
[04:00:59] [main/TRACE] [REI] [REIServerPlugin START] Reloading Section: "pre-register/DefaultPluginImpl of DefaultPluginImpl [roughlyenoughitems]/" done in 191.0 μs
[04:00:59] [main/TRACE] [REI] [REIServerPlugin START] Reloading Section: "pre-register/DefaultRuntimePlugin of DefaultRuntimePlugin [roughlyenoughitems]/"
[04:00:59] [main/TRACE] [REI] [REIServerPlugin START] Reloading Section: "pre-register/DefaultRuntimePlugin of DefaultRuntimePlugin [roughlyenoughitems]/" done in 175.0 μs
[04:00:59] [main/TRACE] [REI] [REIServerPlugin START] Reloading Section: "pre-register/" done in 1.128 ms
[04:00:59] [main/TRACE] [REI] [REIServerPlugin START] Reloading Section: "pre-stage/"
[04:00:59] [main/TRACE] [REI] [REIServerPlugin START] Reloading Section: "pre-stage/MenuInfoRegistryImpl/"
[04:00:59] [main/TRACE] [REI] [REIServerPlugin START] Reloading Section: "pre-stage/MenuInfoRegistryImpl/" done in 161.7 μs
[04:00:59] [main/TRACE] [REI] [REIServerPlugin START] Reloading Section: "pre-stage/SlotAccessorRegistryImpl/"
[04:00:59] [main/TRACE] [REI] [REIServerPlugin START] Reloading Section: "pre-stage/SlotAccessorRegistryImpl/" done in 168.1 μs
[04:00:59] [main/TRACE] [REI] [REIServerPlugin START] Reloading Section: "pre-stage/" done in 1.042 ms
[04:00:59] [main/DEBUG] [REI] ========================================
[04:00:59] [main/DEBUG] [REI] REIServerPlugin finished pre-reload for START in 2.697 ms.
[04:00:59] [main/DEBUG] [REI] ========================================
[04:00:59] [main/INFO] [REI] ++++++++++++++++++++++++++++++++++++++++
[04:00:59] [main/INFO] [REI] REIPlugin starting main-reload for START.
[04:00:59] [main/DEBUG] [REI] Reloadables (7):
[04:00:59] [main/DEBUG] [REI]  - EntryTypeRegistryImpl
[04:00:59] [main/DEBUG] [REI]  - EntrySettingsAdapterRegistryImpl
[04:00:59] [main/DEBUG] [REI]  - RecipeManagerContextImpl
[04:00:59] [main/DEBUG] [REI]  - ItemComparatorRegistryImpl
[04:00:59] [main/DEBUG] [REI]  - FluidComparatorRegistryImpl
[04:00:59] [main/DEBUG] [REI]  - DisplaySerializerRegistryImpl
[04:00:59] [main/DEBUG] [REI]  - FluidSupportProviderImpl
[04:00:59] [main/INFO] [REI] Plugins (2):
[04:00:59] [main/INFO] [REI]  - (-100.00) DefaultPluginImpl of DefaultPluginImpl [roughlyenoughitems]
[04:00:59] [main/INFO] [REI]  - (0.00) DefaultRuntimePlugin of DefaultRuntimePlugin [roughlyenoughitems]
[04:00:59] [main/INFO] [REI] ++++++++++++++++++++++++++++++++++++++++
[04:00:59] [main/TRACE] [REI] [REIPlugin START] Reloading Section: "start-reload/"
[04:00:59] [main/TRACE] [REI] [REIPlugin START] Reloading Section: "start-reload/EntryTypeRegistryImpl/"
[04:00:59] [main/TRACE] [REI] [REIPlugin START] Reloading Section: "start-reload/EntryTypeRegistryImpl/" done in 227.9 μs
[04:00:59] [main/TRACE] [REI] [REIPlugin START] Reloading Section: "start-reload/EntrySettingsAdapterRegistryImpl/"
[04:00:59] [main/TRACE] [REI] [REIPlugin START] Reloading Section: "start-reload/EntrySettingsAdapterRegistryImpl/" done in 166.4 μs
[04:00:59] [main/TRACE] [REI] [REIPlugin START] Reloading Section: "start-reload/RecipeManagerContextImpl/"
[04:00:59] [main/TRACE] [REI] [REIPlugin START] Reloading Section: "start-reload/RecipeManagerContextImpl/" done in 154.8 μs
[04:00:59] [main/TRACE] [REI] [REIPlugin START] Reloading Section: "start-reload/ItemComparatorRegistryImpl/"
[04:00:59] [main/TRACE] [REI] [REIPlugin START] Reloading Section: "start-reload/ItemComparatorRegistryImpl/" done in 386.4 μs
[04:00:59] [main/TRACE] [REI] [REIPlugin START] Reloading Section: "start-reload/FluidComparatorRegistryImpl/"
[04:00:59] [main/TRACE] [REI] [REIPlugin START] Reloading Section: "start-reload/FluidComparatorRegistryImpl/" done in 163.4 μs
[04:00:59] [main/TRACE] [REI] [REIPlugin START] Reloading Section: "start-reload/DisplaySerializerRegistryImpl/"
[04:00:59] [main/TRACE] [REI] [REIPlugin START] Reloading Section: "start-reload/DisplaySerializerRegistryImpl/" done in 157.4 μs
[04:00:59] [main/TRACE] [REI] [REIPlugin START] Reloading Section: "start-reload/FluidSupportProviderImpl/"
[04:00:59] [main/TRACE] [REI] [REIPlugin START] Reloading Section: "start-reload/FluidSupportProviderImpl/" done in 181.9 μs
[04:00:59] [main/TRACE] [REI] [REIPlugin START] Reloading Section: "start-reload/" done in 4.151 ms
[04:00:59] [main/DEBUG] [REI] ========================================
[04:00:59] [main/DEBUG] [REI] REIPlugin started main-reload for START.
[04:00:59] [main/DEBUG] [REI] ========================================
[04:00:59] [main/TRACE] [REI] [REIPlugin START] Reloading Section: "reloadable-plugin/EntryTypeRegistryImpl/"
[04:00:59] [main/TRACE] [REI] [REIPlugin START] Reloading Section: "reloadable-plugin/EntryTypeRegistryImpl/DefaultPluginImpl of DefaultPluginImpl [roughlyenoughitems]/"
[04:00:59] [main/TRACE] [REI] [REIPlugin START] Reloading Section: "reloadable-plugin/EntryTypeRegistryImpl/DefaultPluginImpl of DefaultPluginImpl [roughlyenoughitems]/" done in 288.0 μs
[04:00:59] [main/TRACE] [REI] [REIPlugin START] Reloading Section: "reloadable-plugin/EntryTypeRegistryImpl/DefaultRuntimePlugin of DefaultRuntimePlugin [roughlyenoughitems]/"
[04:00:59] [main/TRACE] [REI] [REIPlugin START] Reloading Section: "reloadable-plugin/EntryTypeRegistryImpl/DefaultRuntimePlugin of DefaultRuntimePlugin [roughlyenoughitems]/" done in 17.63 ms
[04:00:59] [main/TRACE] [REI] [REIPlugin START] Reloading Section: "reloadable-plugin/EntryTypeRegistryImpl/" done in 19.13 ms
[04:00:59] [main/TRACE] [REI] [REIPlugin START] Reloading Section: "reloadable-plugin/EntrySettingsAdapterRegistryImpl/"
[04:00:59] [main/TRACE] [REI] [REIPlugin START] Reloading Section: "reloadable-plugin/EntrySettingsAdapterRegistryImpl/DefaultPluginImpl of DefaultPluginImpl [roughlyenoughitems]/"
[04:00:59] [main/TRACE] [REI] [REIPlugin START] Reloading Section: "reloadable-plugin/EntrySettingsAdapterRegistryImpl/DefaultPluginImpl of DefaultPluginImpl [roughlyenoughitems]/" done in 101.8 μs
[04:00:59] [main/TRACE] [REI] [REIPlugin START] Reloading Section: "reloadable-plugin/EntrySettingsAdapterRegistryImpl/DefaultRuntimePlugin of DefaultRuntimePlugin [roughlyenoughitems]/"
[04:00:59] [main/TRACE] [REI] [REIPlugin START] Reloading Section: "reloadable-plugin/EntrySettingsAdapterRegistryImpl/DefaultRuntimePlugin of DefaultRuntimePlugin [roughlyenoughitems]/" done in 114.2 μs
[04:00:59] [main/TRACE] [REI] [REIPlugin START] Reloading Section: "reloadable-plugin/EntrySettingsAdapterRegistryImpl/" done in 819.9 μs
[04:00:59] [main/TRACE] [REI] [REIPlugin START] Reloading Section: "reloadable-plugin/RecipeManagerContextImpl/"
[04:00:59] [main/TRACE] [REI] [REIPlugin START] Reloading Section: "reloadable-plugin/RecipeManagerContextImpl/DefaultPluginImpl of DefaultPluginImpl [roughlyenoughitems]/"
[04:00:59] [main/TRACE] [REI] [REIPlugin START] Reloading Section: "reloadable-plugin/RecipeManagerContextImpl/DefaultPluginImpl of DefaultPluginImpl [roughlyenoughitems]/" done in 117.6 μs
[04:00:59] [main/TRACE] [REI] [REIPlugin START] Reloading Section: "reloadable-plugin/RecipeManagerContextImpl/DefaultRuntimePlugin of DefaultRuntimePlugin [roughlyenoughitems]/"
[04:00:59] [main/TRACE] [REI] [REIPlugin START] Reloading Section: "reloadable-plugin/RecipeManagerContextImpl/DefaultRuntimePlugin of DefaultRuntimePlugin [roughlyenoughitems]/" done in 605.6 μs
[04:00:59] [main/TRACE] [REI] [REIPlugin START] Reloading Section: "reloadable-plugin/RecipeManagerContextImpl/" done in 2.632 ms
[04:00:59] [main/TRACE] [REI] [REIPlugin START] Reloading Section: "reloadable-plugin/ItemComparatorRegistryImpl/"
[04:00:59] [main/TRACE] [REI] [REIPlugin START] Reloading Section: "reloadable-plugin/ItemComparatorRegistryImpl/DefaultPluginImpl of DefaultPluginImpl [roughlyenoughitems]/"
[04:00:59] [main/TRACE] [REI] [REIPlugin START] Reloading Section: "reloadable-plugin/ItemComparatorRegistryImpl/DefaultPluginImpl of DefaultPluginImpl [roughlyenoughitems]/" done in 1.548 ms
[04:00:59] [main/TRACE] [REI] [REIPlugin START] Reloading Section: "reloadable-plugin/ItemComparatorRegistryImpl/DefaultRuntimePlugin of DefaultRuntimePlugin [roughlyenoughitems]/"
[04:00:59] [main/TRACE] [REI] [REIPlugin START] Reloading Section: "reloadable-plugin/ItemComparatorRegistryImpl/DefaultRuntimePlugin of DefaultRuntimePlugin [roughlyenoughitems]/" done in 145.8 μs
[04:00:59] [main/TRACE] [REI] [REIPlugin START] Reloading Section: "reloadable-plugin/ItemComparatorRegistryImpl/" done in 3.018 ms
[04:00:59] [main/TRACE] [REI] [REIPlugin START] Reloading Section: "reloadable-plugin/FluidComparatorRegistryImpl/"
[04:00:59] [main/TRACE] [REI] [REIPlugin START] Reloading Section: "reloadable-plugin/FluidComparatorRegistryImpl/DefaultPluginImpl of DefaultPluginImpl [roughlyenoughitems]/"
[04:00:59] [main/TRACE] [REI] [REIPlugin START] Reloading Section: "reloadable-plugin/FluidComparatorRegistryImpl/DefaultPluginImpl of DefaultPluginImpl [roughlyenoughitems]/" done in 118.8 μs
[04:00:59] [main/TRACE] [REI] [REIPlugin START] Reloading Section: "reloadable-plugin/FluidComparatorRegistryImpl/DefaultRuntimePlugin of DefaultRuntimePlugin [roughlyenoughitems]/"
[04:00:59] [main/TRACE] [REI] [REIPlugin START] Reloading Section: "reloadable-plugin/FluidComparatorRegistryImpl/DefaultRuntimePlugin of DefaultRuntimePlugin [roughlyenoughitems]/" done in 117.6 μs
[04:00:59] [main/TRACE] [REI] [REIPlugin START] Reloading Section: "reloadable-plugin/FluidComparatorRegistryImpl/" done in 879.5 μs
[04:00:59] [main/TRACE] [REI] [REIPlugin START] Reloading Section: "reloadable-plugin/DisplaySerializerRegistryImpl/"
[04:00:59] [main/TRACE] [REI] [REIPlugin START] Reloading Section: "reloadable-plugin/DisplaySerializerRegistryImpl/DefaultPluginImpl of DefaultPluginImpl [roughlyenoughitems]/"
[04:00:59] [main/TRACE] [REI] [REIPlugin START] Reloading Section: "reloadable-plugin/DisplaySerializerRegistryImpl/DefaultPluginImpl of DefaultPluginImpl [roughlyenoughitems]/" done in 118.5 μs
[04:00:59] [main/TRACE] [REI] [REIPlugin START] Reloading Section: "reloadable-plugin/DisplaySerializerRegistryImpl/DefaultRuntimePlugin of DefaultRuntimePlugin [roughlyenoughitems]/"
[04:00:59] [main/TRACE] [REI] [REIPlugin START] Reloading Section: "reloadable-plugin/DisplaySerializerRegistryImpl/DefaultRuntimePlugin of DefaultRuntimePlugin [roughlyenoughitems]/" done in 374.2 μs
[04:00:59] [main/TRACE] [REI] [REIPlugin START] Reloading Section: "reloadable-plugin/DisplaySerializerRegistryImpl/" done in 1.042 ms
[04:00:59] [main/TRACE] [REI] [REIPlugin START] Reloading Section: "reloadable-plugin/FluidSupportProviderImpl/"
[04:00:59] [main/TRACE] [REI] [REIPlugin START] Reloading Section: "reloadable-plugin/FluidSupportProviderImpl/DefaultPluginImpl of DefaultPluginImpl [roughlyenoughitems]/"
[04:00:59] [main/TRACE] [REI] [REIPlugin START] Reloading Section: "reloadable-plugin/FluidSupportProviderImpl/DefaultPluginImpl of DefaultPluginImpl [roughlyenoughitems]/" done in 639.9 μs
[04:00:59] [main/TRACE] [REI] [REIPlugin START] Reloading Section: "reloadable-plugin/FluidSupportProviderImpl/DefaultRuntimePlugin of DefaultRuntimePlugin [roughlyenoughitems]/"
[04:00:59] [main/TRACE] [REI] [REIPlugin START] Reloading Section: "reloadable-plugin/FluidSupportProviderImpl/DefaultRuntimePlugin of DefaultRuntimePlugin [roughlyenoughitems]/" done in 74.13 μs
[04:00:59] [main/TRACE] [REI] [REIPlugin START] Reloading Section: "reloadable-plugin/FluidSupportProviderImpl/" done in 1.098 ms
[04:00:59] [main/DEBUG] [REI] ========================================
[04:00:59] [main/DEBUG] [REI] REIPlugin ending main-reload for START.
[04:00:59] [main/DEBUG] [REI] ========================================
[04:00:59] [main/TRACE] [REI] [REIPlugin START] Reloading Section: "end-reload/"
[04:00:59] [main/TRACE] [REI] [REIPlugin START] Reloading Section: "end-reload/EntryTypeRegistryImpl/"
[04:00:59] [main/TRACE] [REI] [REIPlugin START] Reloading Section: "end-reload/EntryTypeRegistryImpl/" done in 80.88 μs
[04:00:59] [main/TRACE] [REI] [REIPlugin START] Reloading Section: "end-reload/EntrySettingsAdapterRegistryImpl/"
[04:00:59] [main/TRACE] [REI] [REIPlugin START] Reloading Section: "end-reload/EntrySettingsAdapterRegistryImpl/" done in 115.4 μs
[04:00:59] [main/TRACE] [REI] [REIPlugin START] Reloading Section: "end-reload/RecipeManagerContextImpl/"
[04:00:59] [main/TRACE] [REI] [REIPlugin START] Reloading Section: "end-reload/RecipeManagerContextImpl/" done in 58.94 μs
[04:00:59] [main/TRACE] [REI] [REIPlugin START] Reloading Section: "end-reload/ItemComparatorRegistryImpl/"
[04:00:59] [main/TRACE] [REI] [REIPlugin START] Reloading Section: "end-reload/ItemComparatorRegistryImpl/" done in 58.17 μs
[04:00:59] [main/TRACE] [REI] [REIPlugin START] Reloading Section: "end-reload/FluidComparatorRegistryImpl/"
[04:00:59] [main/TRACE] [REI] [REIPlugin START] Reloading Section: "end-reload/FluidComparatorRegistryImpl/" done in 58.27 μs
[04:00:59] [main/TRACE] [REI] [REIPlugin START] Reloading Section: "end-reload/DisplaySerializerRegistryImpl/"
[04:00:59] [main/TRACE] [REI] [REIPlugin START] Reloading Section: "end-reload/DisplaySerializerRegistryImpl/" done in 70.37 μs
[04:00:59] [main/TRACE] [REI] [REIPlugin START] Reloading Section: "end-reload/FluidSupportProviderImpl/"
[04:00:59] [main/TRACE] [REI] [REIPlugin START] Reloading Section: "end-reload/FluidSupportProviderImpl/" done in 612.9 μs
[04:00:59] [main/TRACE] [REI] [REIPlugin START] Reloading Section: "end-reload/" done in 3.071 ms
[04:00:59] [main/DEBUG] [REI] ========================================
[04:00:59] [main/DEBUG] [REI] REIPlugin ended main-reload for START in 51.05 ms.
[04:00:59] [main/DEBUG] [REI] ========================================
[04:00:59] [main/INFO] [REI] ########################################
[04:00:59] [main/INFO] [REI] REIServerPlugin starting main-reload for START.
[04:00:59] [main/DEBUG] [REI] Reloadables (2):
[04:00:59] [main/DEBUG] [REI]  - MenuInfoRegistryImpl
[04:00:59] [main/DEBUG] [REI]  - SlotAccessorRegistryImpl
[04:00:59] [main/INFO] [REI] Plugins (2):
[04:00:59] [main/INFO] [REI]  - (-100.00) DefaultPluginImpl of DefaultPluginImpl [roughlyenoughitems]
[04:00:59] [main/INFO] [REI]  - (0.00) DefaultRuntimePlugin of DefaultRuntimePlugin [roughlyenoughitems]
[04:00:59] [main/INFO] [REI] ########################################
[04:00:59] [main/TRACE] [REI] [REIServerPlugin START] Reloading Section: "start-reload/"
[04:00:59] [main/TRACE] [REI] [REIServerPlugin START] Reloading Section: "start-reload/MenuInfoRegistryImpl/"
[04:00:59] [main/TRACE] [REI] [REIServerPlugin START] Reloading Section: "start-reload/MenuInfoRegistryImpl/" done in 53.11 μs
[04:00:59] [main/TRACE] [REI] [REIServerPlugin START] Reloading Section: "start-reload/SlotAccessorRegistryImpl/"
[04:00:59] [main/TRACE] [REI] [REIServerPlugin START] Reloading Section: "start-reload/SlotAccessorRegistryImpl/" done in 83.13 μs
[04:00:59] [main/TRACE] [REI] [REIServerPlugin START] Reloading Section: "start-reload/" done in 774.8 μs
[04:00:59] [main/DEBUG] [REI] ========================================
[04:00:59] [main/DEBUG] [REI] REIServerPlugin started main-reload for START.
[04:00:59] [main/DEBUG] [REI] ========================================
[04:00:59] [main/TRACE] [REI] [REIServerPlugin START] Reloading Section: "reloadable-plugin/MenuInfoRegistryImpl/"
[04:00:59] [main/TRACE] [REI] [REIServerPlugin START] Reloading Section: "reloadable-plugin/MenuInfoRegistryImpl/DefaultPluginImpl of DefaultPluginImpl [roughlyenoughitems]/"
[04:00:59] [main/TRACE] [REI] [REIServerPlugin START] Reloading Section: "reloadable-plugin/MenuInfoRegistryImpl/DefaultPluginImpl of DefaultPluginImpl [roughlyenoughitems]/" done in 57.65 μs
[04:00:59] [main/TRACE] [REI] [REIServerPlugin START] Reloading Section: "reloadable-plugin/MenuInfoRegistryImpl/DefaultRuntimePlugin of DefaultRuntimePlugin [roughlyenoughitems]/"
[04:00:59] [main/TRACE] [REI] [REIServerPlugin START] Reloading Section: "reloadable-plugin/MenuInfoRegistryImpl/DefaultRuntimePlugin of DefaultRuntimePlugin [roughlyenoughitems]/" done in 63.55 μs
[04:00:59] [main/TRACE] [REI] [REIServerPlugin START] Reloading Section: "reloadable-plugin/MenuInfoRegistryImpl/" done in 671.3 μs
[04:00:59] [main/TRACE] [REI] [REIServerPlugin START] Reloading Section: "reloadable-plugin/SlotAccessorRegistryImpl/"
[04:00:59] [main/TRACE] [REI] [REIServerPlugin START] Reloading Section: "reloadable-plugin/SlotAccessorRegistryImpl/DefaultPluginImpl of DefaultPluginImpl [roughlyenoughitems]/"
[04:00:59] [main/TRACE] [REI] [REIServerPlugin START] Reloading Section: "reloadable-plugin/SlotAccessorRegistryImpl/DefaultPluginImpl of DefaultPluginImpl [roughlyenoughitems]/" done in 264.5 μs
[04:00:59] [main/TRACE] [REI] [REIServerPlugin START] Reloading Section: "reloadable-plugin/SlotAccessorRegistryImpl/DefaultRuntimePlugin of DefaultRuntimePlugin [roughlyenoughitems]/"
[04:00:59] [main/TRACE] [REI] [REIServerPlugin START] Reloading Section: "reloadable-plugin/SlotAccessorRegistryImpl/DefaultRuntimePlugin of DefaultRuntimePlugin [roughlyenoughitems]/" done in 66.17 μs
[04:00:59] [main/TRACE] [REI] [REIServerPlugin START] Reloading Section: "reloadable-plugin/SlotAccessorRegistryImpl/" done in 1.104 ms
[04:00:59] [main/DEBUG] [REI] ========================================
[04:00:59] [main/DEBUG] [REI] REIServerPlugin ending main-reload for START.
[04:00:59] [main/DEBUG] [REI] ========================================
[04:00:59] [main/TRACE] [REI] [REIServerPlugin START] Reloading Section: "end-reload/"
[04:00:59] [main/TRACE] [REI] [REIServerPlugin START] Reloading Section: "end-reload/MenuInfoRegistryImpl/"
[04:00:59] [main/TRACE] [REI] [REIServerPlugin START] Reloading Section: "end-reload/MenuInfoRegistryImpl/" done in 117.3 μs
[04:00:59] [main/TRACE] [REI] [REIServerPlugin START] Reloading Section: "end-reload/SlotAccessorRegistryImpl/"
[04:00:59] [main/TRACE] [REI] [REIServerPlugin START] Reloading Section: "end-reload/SlotAccessorRegistryImpl/" done in 247.5 μs
[04:00:59] [main/TRACE] [REI] [REIServerPlugin START] Reloading Section: "end-reload/" done in 911.9 μs
[04:00:59] [main/DEBUG] [REI] ========================================
[04:00:59] [main/DEBUG] [REI] REIServerPlugin ended main-reload for START in 10.59 ms.
[04:00:59] [main/DEBUG] [REI] ========================================
[04:00:59] [main/DEBUG] [REI] ========================================
[04:00:59] [main/DEBUG] [REI] REIPlugin starting post-reload for START.
[04:00:59] [main/DEBUG] [REI] Reloadables (7):
[04:00:59] [main/DEBUG] [REI]  - EntryTypeRegistryImpl
[04:00:59] [main/DEBUG] [REI]  - EntrySettingsAdapterRegistryImpl
[04:00:59] [main/DEBUG] [REI]  - RecipeManagerContextImpl
[04:00:59] [main/DEBUG] [REI]  - ItemComparatorRegistryImpl
[04:00:59] [main/DEBUG] [REI]  - FluidComparatorRegistryImpl
[04:00:59] [main/DEBUG] [REI]  - DisplaySerializerRegistryImpl
[04:00:59] [main/DEBUG] [REI]  - FluidSupportProviderImpl
[04:00:59] [main/DEBUG] [REI] Plugins (2):
[04:00:59] [main/DEBUG] [REI]  - (-100.00) DefaultPluginImpl of DefaultPluginImpl [roughlyenoughitems]
[04:00:59] [main/DEBUG] [REI]  - (0.00) DefaultRuntimePlugin of DefaultRuntimePlugin [roughlyenoughitems]
[04:00:59] [main/DEBUG] [REI] ========================================
[04:00:59] [main/TRACE] [REI] [REIPlugin START] Reloading Section: "post-register/"
[04:00:59] [main/TRACE] [REI] [REIPlugin START] Reloading Section: "post-register/DefaultPluginImpl of DefaultPluginImpl [roughlyenoughitems]/"
[04:00:59] [main/TRACE] [REI] [REIPlugin START] Reloading Section: "post-register/DefaultPluginImpl of DefaultPluginImpl [roughlyenoughitems]/" done in 264.9 μs
[04:00:59] [main/TRACE] [REI] [REIPlugin START] Reloading Section: "post-register/DefaultRuntimePlugin of DefaultRuntimePlugin [roughlyenoughitems]/"
[04:00:59] [main/TRACE] [REI] [REIPlugin START] Reloading Section: "post-register/DefaultRuntimePlugin of DefaultRuntimePlugin [roughlyenoughitems]/" done in 313.3 μs
[04:00:59] [main/TRACE] [REI] [REIPlugin START] Reloading Section: "post-register/" done in 1.432 ms
[04:00:59] [main/TRACE] [REI] [REIPlugin START] Reloading Section: "post-stage/"
[04:00:59] [main/TRACE] [REI] [REIPlugin START] Reloading Section: "post-stage/EntryTypeRegistryImpl/"
[04:00:59] [main/TRACE] [REI] [REIPlugin START] Reloading Section: "post-stage/EntryTypeRegistryImpl/" done in 73.80 μs
[04:00:59] [main/TRACE] [REI] [REIPlugin START] Reloading Section: "post-stage/EntrySettingsAdapterRegistryImpl/"
[04:00:59] [main/TRACE] [REI] [REIPlugin START] Reloading Section: "post-stage/EntrySettingsAdapterRegistryImpl/" done in 51.06 μs
[04:00:59] [main/TRACE] [REI] [REIPlugin START] Reloading Section: "post-stage/RecipeManagerContextImpl/"
[04:00:59] [main/TRACE] [REI] [REIPlugin START] Reloading Section: "post-stage/RecipeManagerContextImpl/" done in 50.50 μs
[04:00:59] [main/TRACE] [REI] [REIPlugin START] Reloading Section: "post-stage/ItemComparatorRegistryImpl/"
[04:00:59] [main/TRACE] [REI] [REIPlugin START] Reloading Section: "post-stage/ItemComparatorRegistryImpl/" done in 1.436 ms
[04:00:59] [main/TRACE] [REI] [REIPlugin START] Reloading Section: "post-stage/FluidComparatorRegistryImpl/"
[04:00:59] [main/TRACE] [REI] [REIPlugin START] Reloading Section: "post-stage/FluidComparatorRegistryImpl/" done in 125.4 μs
[04:00:59] [main/TRACE] [REI] [REIPlugin START] Reloading Section: "post-stage/DisplaySerializerRegistryImpl/"
[04:00:59] [main/TRACE] [REI] [REIPlugin START] Reloading Section: "post-stage/DisplaySerializerRegistryImpl/" done in 67.37 μs
[04:00:59] [main/TRACE] [REI] [REIPlugin START] Reloading Section: "post-stage/FluidSupportProviderImpl/"
[04:00:59] [main/TRACE] [REI] [REIPlugin START] Reloading Section: "post-stage/FluidSupportProviderImpl/" done in 52.30 μs
[04:00:59] [main/TRACE] [REI] [REIPlugin START] Reloading Section: "post-stage/" done in 5.280 ms
[04:00:59] [main/DEBUG] [REI] ========================================
[04:00:59] [main/INFO] [REI] REIPlugin finished post-reload for START in 8.630 ms, totaling 86.93 ms.
[04:00:59] [main/DEBUG] [REI] ========================================
[04:00:59] [main/DEBUG] [REI] ========================================
[04:00:59] [main/DEBUG] [REI] REIServerPlugin starting post-reload for START.
[04:00:59] [main/DEBUG] [REI] Reloadables (2):
[04:00:59] [main/DEBUG] [REI]  - MenuInfoRegistryImpl
[04:00:59] [main/DEBUG] [REI]  - SlotAccessorRegistryImpl
[04:00:59] [main/DEBUG] [REI] Plugins (2):
[04:00:59] [main/DEBUG] [REI]  - (-100.00) DefaultPluginImpl of DefaultPluginImpl [roughlyenoughitems]
[04:00:59] [main/DEBUG] [REI]  - (0.00) DefaultRuntimePlugin of DefaultRuntimePlugin [roughlyenoughitems]
[04:00:59] [main/DEBUG] [REI] ========================================
[04:00:59] [main/TRACE] [REI] [REIServerPlugin START] Reloading Section: "post-register/"
[04:00:59] [main/TRACE] [REI] [REIServerPlugin START] Reloading Section: "post-register/DefaultPluginImpl of DefaultPluginImpl [roughlyenoughitems]/"
[04:00:59] [main/TRACE] [REI] [REIServerPlugin START] Reloading Section: "post-register/DefaultPluginImpl of DefaultPluginImpl [roughlyenoughitems]/" done in 63.82 μs
[04:00:59] [main/TRACE] [REI] [REIServerPlugin START] Reloading Section: "post-register/DefaultRuntimePlugin of DefaultRuntimePlugin [roughlyenoughitems]/"
[04:00:59] [main/TRACE] [REI] [REIServerPlugin START] Reloading Section: "post-register/DefaultRuntimePlugin of DefaultRuntimePlugin [roughlyenoughitems]/" done in 65.69 μs
[04:00:59] [main/TRACE] [REI] [REIServerPlugin START] Reloading Section: "post-register/" done in 1.415 ms
[04:00:59] [main/TRACE] [REI] [REIServerPlugin START] Reloading Section: "post-stage/"
[04:00:59] [main/TRACE] [REI] [REIServerPlugin START] Reloading Section: "post-stage/MenuInfoRegistryImpl/"
[04:00:59] [main/TRACE] [REI] [REIServerPlugin START] Reloading Section: "post-stage/MenuInfoRegistryImpl/" done in 259.5 μs
[04:00:59] [main/TRACE] [REI] [REIServerPlugin START] Reloading Section: "post-stage/SlotAccessorRegistryImpl/"
[04:00:59] [main/TRACE] [REI] [REIServerPlugin START] Reloading Section: "post-stage/SlotAccessorRegistryImpl/" done in 57.51 μs
[04:00:59] [main/TRACE] [REI] [REIServerPlugin START] Reloading Section: "post-stage/" done in 821.7 μs
[04:00:59] [main/DEBUG] [REI] ========================================
[04:00:59] [main/INFO] [REI] REIServerPlugin finished post-reload for START in 3.435 ms, totaling 16.64 ms.
[04:00:59] [main/DEBUG] [REI] ========================================
[04:00:59] [main/DEBUG] [REI] ========================================
[04:00:59] [main/DEBUG] [REI] REIPlugin starting pre-reload for END.
[04:00:59] [main/DEBUG] [REI] Reloadables (7):
[04:00:59] [main/DEBUG] [REI]  - EntryTypeRegistryImpl
[04:00:59] [main/DEBUG] [REI]  - EntrySettingsAdapterRegistryImpl
[04:00:59] [main/DEBUG] [REI]  - RecipeManagerContextImpl
[04:00:59] [main/DEBUG] [REI]  - ItemComparatorRegistryImpl
[04:00:59] [main/DEBUG] [REI]  - FluidComparatorRegistryImpl
[04:00:59] [main/DEBUG] [REI]  - DisplaySerializerRegistryImpl
[04:00:59] [main/DEBUG] [REI]  - FluidSupportProviderImpl
[04:00:59] [main/DEBUG] [REI] Plugins (2):
[04:00:59] [main/DEBUG] [REI]  - (-100.00) DefaultPluginImpl of DefaultPluginImpl [roughlyenoughitems]
[04:00:59] [main/DEBUG] [REI]  - (0.00) DefaultRuntimePlugin of DefaultRuntimePlugin [roughlyenoughitems]
[04:00:59] [main/DEBUG] [REI] ========================================
[04:00:59] [main/TRACE] [REI] [REIPlugin END] Reloading Section: "pre-register/"
[04:00:59] [main/TRACE] [REI] [REIPlugin END] Reloading Section: "pre-register/DefaultPluginImpl of DefaultPluginImpl [roughlyenoughitems]/"
[04:00:59] [main/TRACE] [REI] [REIPlugin END] Reloading Section: "pre-register/DefaultPluginImpl of DefaultPluginImpl [roughlyenoughitems]/" done in 56.54 μs
[04:00:59] [main/TRACE] [REI] [REIPlugin END] Reloading Section: "pre-register/DefaultRuntimePlugin of DefaultRuntimePlugin [roughlyenoughitems]/"
[04:00:59] [main/TRACE] [REI] [REIPlugin END] Reloading Section: "pre-register/DefaultRuntimePlugin of DefaultRuntimePlugin [roughlyenoughitems]/" done in 457.0 μs
[04:00:59] [main/TRACE] [REI] [REIPlugin END] Reloading Section: "pre-register/" done in 1.176 ms
[04:00:59] [main/TRACE] [REI] [REIPlugin END] Reloading Section: "pre-stage/"
[04:00:59] [main/TRACE] [REI] [REIPlugin END] Reloading Section: "pre-stage/EntryTypeRegistryImpl/"
[04:00:59] [main/TRACE] [REI] [REIPlugin END] Reloading Section: "pre-stage/EntryTypeRegistryImpl/" done in 49.62 μs
[04:00:59] [main/TRACE] [REI] [REIPlugin END] Reloading Section: "pre-stage/EntrySettingsAdapterRegistryImpl/"
[04:00:59] [main/TRACE] [REI] [REIPlugin END] Reloading Section: "pre-stage/EntrySettingsAdapterRegistryImpl/" done in 197.7 μs
[04:00:59] [main/TRACE] [REI] [REIPlugin END] Reloading Section: "pre-stage/RecipeManagerContextImpl/"
[04:00:59] [main/TRACE] [REI] [REIPlugin END] Reloading Section: "pre-stage/RecipeManagerContextImpl/" done in 152.7 μs
[04:00:59] [main/TRACE] [REI] [REIPlugin END] Reloading Section: "pre-stage/ItemComparatorRegistryImpl/"
[04:00:59] [main/TRACE] [REI] [REIPlugin END] Reloading Section: "pre-stage/ItemComparatorRegistryImpl/" done in 139.5 μs
[04:00:59] [main/TRACE] [REI] [REIPlugin END] Reloading Section: "pre-stage/FluidComparatorRegistryImpl/"
[04:00:59] [main/TRACE] [REI] [REIPlugin END] Reloading Section: "pre-stage/FluidComparatorRegistryImpl/" done in 156.8 μs
[04:00:59] [main/TRACE] [REI] [REIPlugin END] Reloading Section: "pre-stage/DisplaySerializerRegistryImpl/"
[04:00:59] [main/TRACE] [REI] [REIPlugin END] Reloading Section: "pre-stage/DisplaySerializerRegistryImpl/" done in 148.5 μs
[04:00:59] [main/TRACE] [REI] [REIPlugin END] Reloading Section: "pre-stage/FluidSupportProviderImpl/"
[04:00:59] [main/TRACE] [REI] [REIPlugin END] Reloading Section: "pre-stage/FluidSupportProviderImpl/" done in 165.3 μs
[04:00:59] [main/TRACE] [REI] [REIPlugin END] Reloading Section: "pre-stage/" done in 2.710 ms
[04:00:59] [main/DEBUG] [REI] ========================================
[04:00:59] [main/DEBUG] [REI] REIPlugin finished pre-reload for END in 4.218 ms.
[04:00:59] [main/DEBUG] [REI] ========================================
[04:00:59] [main/DEBUG] [REI] ========================================
[04:00:59] [main/DEBUG] [REI] REIServerPlugin starting pre-reload for END.
[04:00:59] [main/DEBUG] [REI] Reloadables (2):
[04:00:59] [main/DEBUG] [REI]  - MenuInfoRegistryImpl
[04:00:59] [main/DEBUG] [REI]  - SlotAccessorRegistryImpl
[04:00:59] [main/DEBUG] [REI] Plugins (2):
[04:00:59] [main/DEBUG] [REI]  - (-100.00) DefaultPluginImpl of DefaultPluginImpl [roughlyenoughitems]
[04:00:59] [main/DEBUG] [REI]  - (0.00) DefaultRuntimePlugin of DefaultRuntimePlugin [roughlyenoughitems]
[04:00:59] [main/DEBUG] [REI] ========================================
[04:00:59] [main/TRACE] [REI] [REIServerPlugin END] Reloading Section: "pre-register/"
[04:00:59] [main/TRACE] [REI] [REIServerPlugin END] Reloading Section: "pre-register/DefaultPluginImpl of DefaultPluginImpl [roughlyenoughitems]/"
[04:00:59] [main/TRACE] [REI] [REIServerPlugin END] Reloading Section: "pre-register/DefaultPluginImpl of DefaultPluginImpl [roughlyenoughitems]/" done in 175.6 μs
[04:00:59] [main/TRACE] [REI] [REIServerPlugin END] Reloading Section: "pre-register/DefaultRuntimePlugin of DefaultRuntimePlugin [roughlyenoughitems]/"
[04:00:59] [main/TRACE] [REI] [REIServerPlugin END] Reloading Section: "pre-register/DefaultRuntimePlugin of DefaultRuntimePlugin [roughlyenoughitems]/" done in 159.6 μs
[04:00:59] [main/TRACE] [REI] [REIServerPlugin END] Reloading Section: "pre-register/" done in 955.7 μs
[04:00:59] [main/TRACE] [REI] [REIServerPlugin END] Reloading Section: "pre-stage/"
[04:00:59] [main/TRACE] [REI] [REIServerPlugin END] Reloading Section: "pre-stage/MenuInfoRegistryImpl/"
[04:00:59] [main/TRACE] [REI] [REIServerPlugin END] Reloading Section: "pre-stage/MenuInfoRegistryImpl/" done in 153.1 μs
[04:00:59] [main/TRACE] [REI] [REIServerPlugin END] Reloading Section: "pre-stage/SlotAccessorRegistryImpl/"
[04:00:59] [main/TRACE] [REI] [REIServerPlugin END] Reloading Section: "pre-stage/SlotAccessorRegistryImpl/" done in 152.7 μs
[04:00:59] [main/TRACE] [REI] [REIServerPlugin END] Reloading Section: "pre-stage/" done in 893.5 μs
[04:00:59] [main/DEBUG] [REI] ========================================
[04:00:59] [main/DEBUG] [REI] REIServerPlugin finished pre-reload for END in 2.293 ms.
[04:00:59] [main/DEBUG] [REI] ========================================
[04:00:59] [main/INFO] [REI] @@@@@@@@@@@@@@@@@@@@@@@@@@@@@@@@@@@@@@@@
[04:00:59] [main/INFO] [REI] REIPlugin starting main-reload for END.
[04:00:59] [main/DEBUG] [REI] Reloadables (7):
[04:00:59] [main/DEBUG] [REI]  - EntryTypeRegistryImpl
[04:00:59] [main/DEBUG] [REI]  - EntrySettingsAdapterRegistryImpl
[04:00:59] [main/DEBUG] [REI]  - RecipeManagerContextImpl
[04:00:59] [main/DEBUG] [REI]  - ItemComparatorRegistryImpl
[04:00:59] [main/DEBUG] [REI]  - FluidComparatorRegistryImpl
[04:00:59] [main/DEBUG] [REI]  - DisplaySerializerRegistryImpl
[04:00:59] [main/DEBUG] [REI]  - FluidSupportProviderImpl
[04:00:59] [main/INFO] [REI] Plugins (2):
[04:00:59] [main/INFO] [REI]  - (-100.00) DefaultPluginImpl of DefaultPluginImpl [roughlyenoughitems]
[04:00:59] [main/INFO] [REI]  - (0.00) DefaultRuntimePlugin of DefaultRuntimePlugin [roughlyenoughitems]
[04:00:59] [main/INFO] [REI] @@@@@@@@@@@@@@@@@@@@@@@@@@@@@@@@@@@@@@@@
[04:00:59] [main/TRACE] [REI] [REIPlugin END] Reloading Section: "start-reload/"
[04:00:59] [main/TRACE] [REI] [REIPlugin END] Reloading Section: "start-reload/EntryTypeRegistryImpl/"
[04:00:59] [main/TRACE] [REI] [REIPlugin END] Reloading Section: "start-reload/EntryTypeRegistryImpl/" done in 131.6 μs
[04:00:59] [main/TRACE] [REI] [REIPlugin END] Reloading Section: "start-reload/EntrySettingsAdapterRegistryImpl/"
[04:00:59] [main/TRACE] [REI] [REIPlugin END] Reloading Section: "start-reload/EntrySettingsAdapterRegistryImpl/" done in 145.1 μs
[04:00:59] [main/TRACE] [REI] [REIPlugin END] Reloading Section: "start-reload/RecipeManagerContextImpl/"
[04:00:59] [main/TRACE] [REI] [REIPlugin END] Reloading Section: "start-reload/RecipeManagerContextImpl/" done in 128.8 μs
[04:00:59] [main/TRACE] [REI] [REIPlugin END] Reloading Section: "start-reload/ItemComparatorRegistryImpl/"
[04:00:59] [main/TRACE] [REI] [REIPlugin END] Reloading Section: "start-reload/ItemComparatorRegistryImpl/" done in 134.7 μs
[04:00:59] [main/TRACE] [REI] [REIPlugin END] Reloading Section: "start-reload/FluidComparatorRegistryImpl/"
[04:00:59] [main/TRACE] [REI] [REIPlugin END] Reloading Section: "start-reload/FluidComparatorRegistryImpl/" done in 195.8 μs
[04:00:59] [main/TRACE] [REI] [REIPlugin END] Reloading Section: "start-reload/DisplaySerializerRegistryImpl/"
[04:00:59] [main/TRACE] [REI] [REIPlugin END] Reloading Section: "start-reload/DisplaySerializerRegistryImpl/" done in 409.4 μs
[04:00:59] [main/TRACE] [REI] [REIPlugin END] Reloading Section: "start-reload/FluidSupportProviderImpl/"
[04:00:59] [main/TRACE] [REI] [REIPlugin END] Reloading Section: "start-reload/FluidSupportProviderImpl/" done in 158.3 μs
[04:00:59] [main/TRACE] [REI] [REIPlugin END] Reloading Section: "start-reload/" done in 3.026 ms
[04:00:59] [main/DEBUG] [REI] ========================================
[04:00:59] [main/DEBUG] [REI] REIPlugin started main-reload for END.
[04:00:59] [main/DEBUG] [REI] ========================================
[04:00:59] [main/TRACE] [REI] [REIPlugin END] Reloading Section: "reloadable-plugin/EntryTypeRegistryImpl/"
[04:00:59] [main/TRACE] [REI] [REIPlugin END] Reloading Section: "reloadable-plugin/EntryTypeRegistryImpl/DefaultPluginImpl of DefaultPluginImpl [roughlyenoughitems]/"
[04:00:59] [main/TRACE] [REI] [REIPlugin END] Reloading Section: "reloadable-plugin/EntryTypeRegistryImpl/DefaultPluginImpl of DefaultPluginImpl [roughlyenoughitems]/" done in 149.9 μs
[04:00:59] [main/TRACE] [REI] [REIPlugin END] Reloading Section: "reloadable-plugin/EntryTypeRegistryImpl/DefaultRuntimePlugin of DefaultRuntimePlugin [roughlyenoughitems]/"
[04:00:59] [main/TRACE] [REI] [REIPlugin END] Reloading Section: "reloadable-plugin/EntryTypeRegistryImpl/DefaultRuntimePlugin of DefaultRuntimePlugin [roughlyenoughitems]/" done in 157.6 μs
[04:00:59] [main/TRACE] [REI] [REIPlugin END] Reloading Section: "reloadable-plugin/EntryTypeRegistryImpl/" done in 968.7 μs
[04:00:59] [main/TRACE] [REI] [REIPlugin END] Reloading Section: "reloadable-plugin/EntrySettingsAdapterRegistryImpl/"
[04:00:59] [main/TRACE] [REI] [REIPlugin END] Reloading Section: "reloadable-plugin/EntrySettingsAdapterRegistryImpl/DefaultPluginImpl of DefaultPluginImpl [roughlyenoughitems]/"
[04:00:59] [main/TRACE] [REI] [REIPlugin END] Reloading Section: "reloadable-plugin/EntrySettingsAdapterRegistryImpl/DefaultPluginImpl of DefaultPluginImpl [roughlyenoughitems]/" done in 163.6 μs
[04:00:59] [main/TRACE] [REI] [REIPlugin END] Reloading Section: "reloadable-plugin/EntrySettingsAdapterRegistryImpl/DefaultRuntimePlugin of DefaultRuntimePlugin [roughlyenoughitems]/"
[04:00:59] [main/TRACE] [REI] [REIPlugin END] Reloading Section: "reloadable-plugin/EntrySettingsAdapterRegistryImpl/DefaultRuntimePlugin of DefaultRuntimePlugin [roughlyenoughitems]/" done in 160.7 μs
[04:00:59] [main/TRACE] [REI] [REIPlugin END] Reloading Section: "reloadable-plugin/EntrySettingsAdapterRegistryImpl/" done in 938.9 μs
[04:00:59] [main/TRACE] [REI] [REIPlugin END] Reloading Section: "reloadable-plugin/RecipeManagerContextImpl/"
[04:00:59] [main/TRACE] [REI] [REIPlugin END] Reloading Section: "reloadable-plugin/RecipeManagerContextImpl/DefaultPluginImpl of DefaultPluginImpl [roughlyenoughitems]/"
[04:00:59] [main/TRACE] [REI] [REIPlugin END] Reloading Section: "reloadable-plugin/RecipeManagerContextImpl/DefaultPluginImpl of DefaultPluginImpl [roughlyenoughitems]/" done in 167.3 μs
[04:00:59] [main/TRACE] [REI] [REIPlugin END] Reloading Section: "reloadable-plugin/RecipeManagerContextImpl/DefaultRuntimePlugin of DefaultRuntimePlugin [roughlyenoughitems]/"
[04:00:59] [main/TRACE] [REI] [REIPlugin END] Reloading Section: "reloadable-plugin/RecipeManagerContextImpl/DefaultRuntimePlugin of DefaultRuntimePlugin [roughlyenoughitems]/" done in 162.3 μs
[04:00:59] [main/TRACE] [REI] [REIPlugin END] Reloading Section: "reloadable-plugin/RecipeManagerContextImpl/" done in 1.023 ms
[04:00:59] [main/TRACE] [REI] [REIPlugin END] Reloading Section: "reloadable-plugin/ItemComparatorRegistryImpl/"
[04:00:59] [main/TRACE] [REI] [REIPlugin END] Reloading Section: "reloadable-plugin/ItemComparatorRegistryImpl/DefaultPluginImpl of DefaultPluginImpl [roughlyenoughitems]/"
[04:00:59] [main/TRACE] [REI] [REIPlugin END] Reloading Section: "reloadable-plugin/ItemComparatorRegistryImpl/DefaultPluginImpl of DefaultPluginImpl [roughlyenoughitems]/" done in 155.2 μs
[04:00:59] [main/TRACE] [REI] [REIPlugin END] Reloading Section: "reloadable-plugin/ItemComparatorRegistryImpl/DefaultRuntimePlugin of DefaultRuntimePlugin [roughlyenoughitems]/"
[04:00:59] [main/TRACE] [REI] [REIPlugin END] Reloading Section: "reloadable-plugin/ItemComparatorRegistryImpl/DefaultRuntimePlugin of DefaultRuntimePlugin [roughlyenoughitems]/" done in 154.3 μs
[04:00:59] [main/TRACE] [REI] [REIPlugin END] Reloading Section: "reloadable-plugin/ItemComparatorRegistryImpl/" done in 943.9 μs
[04:00:59] [main/TRACE] [REI] [REIPlugin END] Reloading Section: "reloadable-plugin/FluidComparatorRegistryImpl/"
[04:00:59] [main/TRACE] [REI] [REIPlugin END] Reloading Section: "reloadable-plugin/FluidComparatorRegistryImpl/DefaultPluginImpl of DefaultPluginImpl [roughlyenoughitems]/"
[04:00:59] [main/TRACE] [REI] [REIPlugin END] Reloading Section: "reloadable-plugin/FluidComparatorRegistryImpl/DefaultPluginImpl of DefaultPluginImpl [roughlyenoughitems]/" done in 153.2 μs
[04:00:59] [main/TRACE] [REI] [REIPlugin END] Reloading Section: "reloadable-plugin/FluidComparatorRegistryImpl/DefaultRuntimePlugin of DefaultRuntimePlugin [roughlyenoughitems]/"
[04:00:59] [main/TRACE] [REI] [REIPlugin END] Reloading Section: "reloadable-plugin/FluidComparatorRegistryImpl/DefaultRuntimePlugin of DefaultRuntimePlugin [roughlyenoughitems]/" done in 154.6 μs
[04:00:59] [main/TRACE] [REI] [REIPlugin END] Reloading Section: "reloadable-plugin/FluidComparatorRegistryImpl/" done in 904.4 μs
[04:00:59] [main/TRACE] [REI] [REIPlugin END] Reloading Section: "reloadable-plugin/DisplaySerializerRegistryImpl/"
[04:00:59] [main/TRACE] [REI] [REIPlugin END] Reloading Section: "reloadable-plugin/DisplaySerializerRegistryImpl/DefaultPluginImpl of DefaultPluginImpl [roughlyenoughitems]/"
[04:01:00] [main/TRACE] [REI] [REIPlugin END] Reloading Section: "reloadable-plugin/DisplaySerializerRegistryImpl/DefaultPluginImpl of DefaultPluginImpl [roughlyenoughitems]/" done in 94.30 ms
[04:01:00] [main/TRACE] [REI] [REIPlugin END] Reloading Section: "reloadable-plugin/DisplaySerializerRegistryImpl/DefaultRuntimePlugin of DefaultRuntimePlugin [roughlyenoughitems]/"
[04:01:00] [main/TRACE] [REI] [REIPlugin END] Reloading Section: "reloadable-plugin/DisplaySerializerRegistryImpl/DefaultRuntimePlugin of DefaultRuntimePlugin [roughlyenoughitems]/" done in 191.4 μs
[04:01:00] [main/TRACE] [REI] [REIPlugin END] Reloading Section: "reloadable-plugin/DisplaySerializerRegistryImpl/" done in 95.79 ms
[04:01:00] [main/TRACE] [REI] [REIPlugin END] Reloading Section: "reloadable-plugin/FluidSupportProviderImpl/"
[04:01:00] [main/TRACE] [REI] [REIPlugin END] Reloading Section: "reloadable-plugin/FluidSupportProviderImpl/DefaultPluginImpl of DefaultPluginImpl [roughlyenoughitems]/"
[04:01:00] [main/TRACE] [REI] [REIPlugin END] Reloading Section: "reloadable-plugin/FluidSupportProviderImpl/DefaultPluginImpl of DefaultPluginImpl [roughlyenoughitems]/" done in 161.2 μs
[04:01:00] [main/TRACE] [REI] [REIPlugin END] Reloading Section: "reloadable-plugin/FluidSupportProviderImpl/DefaultRuntimePlugin of DefaultRuntimePlugin [roughlyenoughitems]/"
[04:01:00] [main/TRACE] [REI] [REIPlugin END] Reloading Section: "reloadable-plugin/FluidSupportProviderImpl/DefaultRuntimePlugin of DefaultRuntimePlugin [roughlyenoughitems]/" done in 667.6 μs
[04:01:00] [main/TRACE] [REI] [REIPlugin END] Reloading Section: "reloadable-plugin/FluidSupportProviderImpl/" done in 1.602 ms
[04:01:00] [main/DEBUG] [REI] ========================================
[04:01:00] [main/DEBUG] [REI] REIPlugin ending main-reload for END.
[04:01:00] [main/DEBUG] [REI] ========================================
[04:01:00] [main/TRACE] [REI] [REIPlugin END] Reloading Section: "end-reload/"
[04:01:00] [main/TRACE] [REI] [REIPlugin END] Reloading Section: "end-reload/EntryTypeRegistryImpl/"
[04:01:00] [main/TRACE] [REI] [REIPlugin END] Reloading Section: "end-reload/EntryTypeRegistryImpl/" done in 66.46 μs
[04:01:00] [main/TRACE] [REI] [REIPlugin END] Reloading Section: "end-reload/EntrySettingsAdapterRegistryImpl/"
[04:01:00] [main/TRACE] [REI] [REIPlugin END] Reloading Section: "end-reload/EntrySettingsAdapterRegistryImpl/" done in 73.49 μs
[04:01:00] [main/TRACE] [REI] [REIPlugin END] Reloading Section: "end-reload/RecipeManagerContextImpl/"
[04:01:00] [main/TRACE] [REI] [REIPlugin END] Reloading Section: "end-reload/RecipeManagerContextImpl/" done in 70.71 μs
[04:01:00] [main/TRACE] [REI] [REIPlugin END] Reloading Section: "end-reload/ItemComparatorRegistryImpl/"
[04:01:00] [main/TRACE] [REI] [REIPlugin END] Reloading Section: "end-reload/ItemComparatorRegistryImpl/" done in 68.92 μs
[04:01:00] [main/TRACE] [REI] [REIPlugin END] Reloading Section: "end-reload/FluidComparatorRegistryImpl/"
[04:01:00] [main/TRACE] [REI] [REIPlugin END] Reloading Section: "end-reload/FluidComparatorRegistryImpl/" done in 72.86 μs
[04:01:00] [main/TRACE] [REI] [REIPlugin END] Reloading Section: "end-reload/DisplaySerializerRegistryImpl/"
[04:01:00] [main/TRACE] [REI] [REIPlugin END] Reloading Section: "end-reload/DisplaySerializerRegistryImpl/" done in 68.89 μs
[04:01:00] [main/TRACE] [REI] [REIPlugin END] Reloading Section: "end-reload/FluidSupportProviderImpl/"
[04:01:00] [main/TRACE] [REI] [REIPlugin END] Reloading Section: "end-reload/FluidSupportProviderImpl/" done in 62.99 μs
[04:01:00] [main/TRACE] [REI] [REIPlugin END] Reloading Section: "end-reload/" done in 1.540 ms
[04:01:00] [main/DEBUG] [REI] ========================================
[04:01:00] [main/DEBUG] [REI] REIPlugin ended main-reload for END in 114.9 ms.
[04:01:00] [main/DEBUG] [REI] ========================================
[04:01:00] [main/INFO] [REI] ========================================
[04:01:00] [main/INFO] [REI] REIServerPlugin starting main-reload for END.
[04:01:00] [main/DEBUG] [REI] Reloadables (2):
[04:01:00] [main/DEBUG] [REI]  - MenuInfoRegistryImpl
[04:01:00] [main/DEBUG] [REI]  - SlotAccessorRegistryImpl
[04:01:00] [main/INFO] [REI] Plugins (2):
[04:01:00] [main/INFO] [REI]  - (-100.00) DefaultPluginImpl of DefaultPluginImpl [roughlyenoughitems]
[04:01:00] [main/INFO] [REI]  - (0.00) DefaultRuntimePlugin of DefaultRuntimePlugin [roughlyenoughitems]
[04:01:00] [main/INFO] [REI] ========================================
[04:01:00] [main/TRACE] [REI] [REIServerPlugin END] Reloading Section: "start-reload/"
[04:01:00] [main/TRACE] [REI] [REIServerPlugin END] Reloading Section: "start-reload/MenuInfoRegistryImpl/"
[04:01:00] [main/TRACE] [REI] [REIServerPlugin END] Reloading Section: "start-reload/MenuInfoRegistryImpl/" done in 90.41 μs
[04:01:00] [main/TRACE] [REI] [REIServerPlugin END] Reloading Section: "start-reload/SlotAccessorRegistryImpl/"
[04:01:00] [main/TRACE] [REI] [REIServerPlugin END] Reloading Section: "start-reload/SlotAccessorRegistryImpl/" done in 78.47 μs
[04:01:00] [main/TRACE] [REI] [REIServerPlugin END] Reloading Section: "start-reload/" done in 532.8 μs
[04:01:00] [main/DEBUG] [REI] ========================================
[04:01:00] [main/DEBUG] [REI] REIServerPlugin started main-reload for END.
[04:01:00] [main/DEBUG] [REI] ========================================
[04:01:00] [main/TRACE] [REI] [REIServerPlugin END] Reloading Section: "reloadable-plugin/MenuInfoRegistryImpl/"
[04:01:00] [main/TRACE] [REI] [REIServerPlugin END] Reloading Section: "reloadable-plugin/MenuInfoRegistryImpl/DefaultPluginImpl of DefaultPluginImpl [roughlyenoughitems]/"
[04:01:00] [main/TRACE] [REI] [REIServerPlugin END] Reloading Section: "reloadable-plugin/MenuInfoRegistryImpl/DefaultPluginImpl of DefaultPluginImpl [roughlyenoughitems]/" done in 83.63 μs
[04:01:00] [main/TRACE] [REI] [REIServerPlugin END] Reloading Section: "reloadable-plugin/MenuInfoRegistryImpl/DefaultRuntimePlugin of DefaultRuntimePlugin [roughlyenoughitems]/"
[04:01:00] [main/TRACE] [REI] [REIServerPlugin END] Reloading Section: "reloadable-plugin/MenuInfoRegistryImpl/DefaultRuntimePlugin of DefaultRuntimePlugin [roughlyenoughitems]/" done in 67.57 μs
[04:01:00] [main/TRACE] [REI] [REIServerPlugin END] Reloading Section: "reloadable-plugin/MenuInfoRegistryImpl/" done in 603.3 μs
[04:01:00] [main/TRACE] [REI] [REIServerPlugin END] Reloading Section: "reloadable-plugin/SlotAccessorRegistryImpl/"
[04:01:00] [main/TRACE] [REI] [REIServerPlugin END] Reloading Section: "reloadable-plugin/SlotAccessorRegistryImpl/DefaultPluginImpl of DefaultPluginImpl [roughlyenoughitems]/"
[04:01:00] [main/TRACE] [REI] [REIServerPlugin END] Reloading Section: "reloadable-plugin/SlotAccessorRegistryImpl/DefaultPluginImpl of DefaultPluginImpl [roughlyenoughitems]/" done in 93.02 μs
[04:01:00] [main/TRACE] [REI] [REIServerPlugin END] Reloading Section: "reloadable-plugin/SlotAccessorRegistryImpl/DefaultRuntimePlugin of DefaultRuntimePlugin [roughlyenoughitems]/"
[04:01:00] [main/DEBUG] [REI] Added slot accessor serializer: me.shedaniel.rei.plugin.common.runtime.DefaultRuntimePlugin$1@6583f298 [roughlyenoughitems:vanilla]
[04:01:00] [main/DEBUG] [REI] Added slot accessor serializer: me.shedaniel.rei.plugin.common.runtime.DefaultRuntimePlugin$2@22c741c [roughlyenoughitems:player]
[04:01:00] [main/TRACE] [REI] [REIServerPlugin END] Reloading Section: "reloadable-plugin/SlotAccessorRegistryImpl/DefaultRuntimePlugin of DefaultRuntimePlugin [roughlyenoughitems]/" done in 7.715 ms
[04:01:00] [main/TRACE] [REI] [REIServerPlugin END] Reloading Section: "reloadable-plugin/SlotAccessorRegistryImpl/" done in 10.13 ms
[04:01:00] [main/DEBUG] [REI] ========================================
[04:01:00] [main/DEBUG] [REI] REIServerPlugin ending main-reload for END.
[04:01:00] [main/DEBUG] [REI] ========================================
[04:01:00] [main/TRACE] [REI] [REIServerPlugin END] Reloading Section: "end-reload/"
[04:01:00] [main/TRACE] [REI] [REIServerPlugin END] Reloading Section: "end-reload/MenuInfoRegistryImpl/"
[04:01:00] [main/DEBUG] [REI] Registered 0 menu infos
[04:01:00] [main/TRACE] [REI] [REIServerPlugin END] Reloading Section: "end-reload/MenuInfoRegistryImpl/" done in 340.1 μs
[04:01:00] [main/TRACE] [REI] [REIServerPlugin END] Reloading Section: "end-reload/SlotAccessorRegistryImpl/"
[04:01:00] [main/DEBUG] [REI] Registered 2 slot accessor serializers
[04:01:00] [main/TRACE] [REI] [REIServerPlugin END] Reloading Section: "end-reload/SlotAccessorRegistryImpl/" done in 269.8 μs
[04:01:00] [main/TRACE] [REI] [REIServerPlugin END] Reloading Section: "end-reload/" done in 1.019 ms
[04:01:00] [main/DEBUG] [REI] ========================================
[04:01:00] [main/DEBUG] [REI] REIServerPlugin ended main-reload for END in 16.88 ms.
[04:01:00] [main/DEBUG] [REI] ========================================
[04:01:00] [main/DEBUG] [REI] ========================================
[04:01:00] [main/DEBUG] [REI] REIPlugin starting post-reload for END.
[04:01:00] [main/DEBUG] [REI] Reloadables (7):
[04:01:00] [main/DEBUG] [REI]  - EntryTypeRegistryImpl
[04:01:00] [main/DEBUG] [REI]  - EntrySettingsAdapterRegistryImpl
[04:01:00] [main/DEBUG] [REI]  - RecipeManagerContextImpl
[04:01:00] [main/DEBUG] [REI]  - ItemComparatorRegistryImpl
[04:01:00] [main/DEBUG] [REI]  - FluidComparatorRegistryImpl
[04:01:00] [main/DEBUG] [REI]  - DisplaySerializerRegistryImpl
[04:01:00] [main/DEBUG] [REI]  - FluidSupportProviderImpl
[04:01:00] [main/DEBUG] [REI] Plugins (2):
[04:01:00] [main/DEBUG] [REI]  - (-100.00) DefaultPluginImpl of DefaultPluginImpl [roughlyenoughitems]
[04:01:00] [main/DEBUG] [REI]  - (0.00) DefaultRuntimePlugin of DefaultRuntimePlugin [roughlyenoughitems]
[04:01:00] [main/DEBUG] [REI] ========================================
[04:01:00] [main/TRACE] [REI] [REIPlugin END] Reloading Section: "post-register/"
[04:01:00] [main/TRACE] [REI] [REIPlugin END] Reloading Section: "post-register/DefaultPluginImpl of DefaultPluginImpl [roughlyenoughitems]/"
[04:01:00] [main/TRACE] [REI] [REIPlugin END] Reloading Section: "post-register/DefaultPluginImpl of DefaultPluginImpl [roughlyenoughitems]/" done in 71.72 μs
[04:01:00] [main/TRACE] [REI] [REIPlugin END] Reloading Section: "post-register/DefaultRuntimePlugin of DefaultRuntimePlugin [roughlyenoughitems]/"
[04:01:00] [main/TRACE] [REI] [REIPlugin END] Reloading Section: "post-register/DefaultRuntimePlugin of DefaultRuntimePlugin [roughlyenoughitems]/" done in 67.39 μs
[04:01:00] [main/TRACE] [REI] [REIPlugin END] Reloading Section: "post-register/" done in 549.6 μs
[04:01:00] [main/TRACE] [REI] [REIPlugin END] Reloading Section: "post-stage/"
[04:01:00] [main/TRACE] [REI] [REIPlugin END] Reloading Section: "post-stage/EntryTypeRegistryImpl/"
[04:01:00] [main/TRACE] [REI] [REIPlugin END] Reloading Section: "post-stage/EntryTypeRegistryImpl/" done in 59.51 μs
[04:01:00] [main/TRACE] [REI] [REIPlugin END] Reloading Section: "post-stage/EntrySettingsAdapterRegistryImpl/"
[04:01:00] [main/TRACE] [REI] [REIPlugin END] Reloading Section: "post-stage/EntrySettingsAdapterRegistryImpl/" done in 94.96 μs
[04:01:00] [main/TRACE] [REI] [REIPlugin END] Reloading Section: "post-stage/RecipeManagerContextImpl/"
[04:01:00] [main/TRACE] [REI] [REIPlugin END] Reloading Section: "post-stage/RecipeManagerContextImpl/" done in 69.07 μs
[04:01:00] [main/TRACE] [REI] [REIPlugin END] Reloading Section: "post-stage/ItemComparatorRegistryImpl/"
[04:01:00] [main/TRACE] [REI] [REIPlugin END] Reloading Section: "post-stage/ItemComparatorRegistryImpl/" done in 68.88 μs
[04:01:00] [main/TRACE] [REI] [REIPlugin END] Reloading Section: "post-stage/FluidComparatorRegistryImpl/"
[04:01:00] [main/TRACE] [REI] [REIPlugin END] Reloading Section: "post-stage/FluidComparatorRegistryImpl/" done in 71.46 μs
[04:01:00] [main/TRACE] [REI] [REIPlugin END] Reloading Section: "post-stage/DisplaySerializerRegistryImpl/"
[04:01:00] [main/TRACE] [REI] [REIPlugin END] Reloading Section: "post-stage/DisplaySerializerRegistryImpl/" done in 67.11 μs
[04:01:00] [main/TRACE] [REI] [REIPlugin END] Reloading Section: "post-stage/FluidSupportProviderImpl/"
[04:01:00] [main/TRACE] [REI] [REIPlugin END] Reloading Section: "post-stage/FluidSupportProviderImpl/" done in 68.11 μs
[04:01:00] [main/TRACE] [REI] [REIPlugin END] Reloading Section: "post-stage/" done in 1.880 ms
[04:01:00] [main/DEBUG] [REI] ========================================
[04:01:00] [main/INFO] [REI] REIPlugin finished post-reload for END in 2.719 ms, totaling 121.4 ms.
[04:01:00] [main/DEBUG] [REI] ========================================
[04:01:00] [main/DEBUG] [REI] ========================================
[04:01:00] [main/DEBUG] [REI] REIServerPlugin starting post-reload for END.
[04:01:00] [main/DEBUG] [REI] Reloadables (2):
[04:01:00] [main/DEBUG] [REI]  - MenuInfoRegistryImpl
[04:01:00] [main/DEBUG] [REI]  - SlotAccessorRegistryImpl
[04:01:00] [main/DEBUG] [REI] Plugins (2):
[04:01:00] [main/DEBUG] [REI]  - (-100.00) DefaultPluginImpl of DefaultPluginImpl [roughlyenoughitems]
[04:01:00] [main/DEBUG] [REI]  - (0.00) DefaultRuntimePlugin of DefaultRuntimePlugin [roughlyenoughitems]
[04:01:00] [main/DEBUG] [REI] ========================================
[04:01:00] [main/TRACE] [REI] [REIServerPlugin END] Reloading Section: "post-register/"
[04:01:00] [main/TRACE] [REI] [REIServerPlugin END] Reloading Section: "post-register/DefaultPluginImpl of DefaultPluginImpl [roughlyenoughitems]/"
[04:01:00] [main/TRACE] [REI] [REIServerPlugin END] Reloading Section: "post-register/DefaultPluginImpl of DefaultPluginImpl [roughlyenoughitems]/" done in 70.29 μs
[04:01:00] [main/TRACE] [REI] [REIServerPlugin END] Reloading Section: "post-register/DefaultRuntimePlugin of DefaultRuntimePlugin [roughlyenoughitems]/"
[04:01:00] [main/TRACE] [REI] [REIServerPlugin END] Reloading Section: "post-register/DefaultRuntimePlugin of DefaultRuntimePlugin [roughlyenoughitems]/" done in 78.15 μs
[04:01:00] [main/TRACE] [REI] [REIServerPlugin END] Reloading Section: "post-register/" done in 2.006 ms
[04:01:00] [main/TRACE] [REI] [REIServerPlugin END] Reloading Section: "post-stage/"
[04:01:00] [main/TRACE] [REI] [REIServerPlugin END] Reloading Section: "post-stage/MenuInfoRegistryImpl/"
[04:01:00] [main/TRACE] [REI] [REIServerPlugin END] Reloading Section: "post-stage/MenuInfoRegistryImpl/" done in 72.83 μs
[04:01:00] [main/TRACE] [REI] [REIServerPlugin END] Reloading Section: "post-stage/SlotAccessorRegistryImpl/"
[04:01:00] [main/TRACE] [REI] [REIServerPlugin END] Reloading Section: "post-stage/SlotAccessorRegistryImpl/" done in 75.68 μs
[04:01:00] [main/TRACE] [REI] [REIServerPlugin END] Reloading Section: "post-stage/" done in 728.9 μs
[04:01:00] [main/DEBUG] [REI] ========================================
[04:01:00] [main/INFO] [REI] REIServerPlugin finished post-reload for END in 3.760 ms, totaling 22.78 ms.
[04:01:00] [main/DEBUG] [REI] ========================================
